<?xml version="1.0" encoding="UTF-8"?>
<!-- Generated by org.testng.reporters.JUnitReportReporter -->
<testsuite hostname="device-ae5674" name="com.jenkins.test.SaveDelegateTest" tests="2" failures="0" timestamp="2 Oct 2013 11:21:26 GMT" time="0.015" errors="0">
  <testcase name="saveUsersTest" time="0.000" classname="com.jenkins.test.SaveDelegateTest"/>
  <testcase name="anotherTest" time="0.015" classname="com.jenkins.test.SaveDelegateTest"/>
</testsuite> <!-- com.jenkins.test.SaveDelegateTest -->
