<?xml version="1.0" encoding="UTF-8"?>
<!-- Generated by org.testng.reporters.JUnitReportReporter -->
<testsuite hostname="ubuntudell1" name="com.jenkins.test.UserDelegateTest" tests="4" failures="0" timestamp="14 Oct 2013 05:47:12 GMT" time="0.007" errors="0">
  <testcase name="saveUserPhoneNoTest" time="0.000" classname="com.jenkins.test.UserDelegateTest"/>
  <testcase name="saveUserCountry" time="0.006" classname="com.jenkins.test.UserDelegateTest"/>
  <testcase name="saveUserNameTest" time="0.001" classname="com.jenkins.test.UserDelegateTest"/>
  <testcase name="saveUserEmailID" time="0.000" classname="com.jenkins.test.UserDelegateTest"/>
</testsuite> <!-- com.jenkins.test.UserDelegateTest -->
