<?xml version="1.0" encoding="UTF-8"?>
<!-- Generated by org.testng.reporters.JUnitReportReporter -->
<testsuite hostname="ubuntudell1" name="com.jenkins.guiTest.Index" tests="3" failures="0" timestamp="12 Oct 2013 14:16:08 GMT" time="1.283" errors="0">
  <testcase name="fillForm" time="0.261" classname="com.jenkins.guiTest.Index"/>
  <testcase name="submitForm" time="0.977" classname="com.jenkins.guiTest.Index"/>
  <testcase name="selectCountry" time="0.045" classname="com.jenkins.guiTest.Index"/>
</testsuite> <!-- com.jenkins.guiTest.Index -->
