<?xml version="1.0" encoding="UTF-8"?>
<!-- Generated by org.testng.reporters.JUnitReportReporter -->
<testsuite hostname="ubuntudell1" name="com.jenkins.test.UserDelegateTest" tests="1" failures="0" timestamp="12 Oct 2013 14:16:08 GMT" time="0.004" errors="0">
  <testcase name="anotherTest" time="0.004" classname="com.jenkins.test.UserDelegateTest"/>
</testsuite> <!-- com.jenkins.test.UserDelegateTest -->
