<?xml version="1.0" encoding="UTF-8"?>
<!-- Generated by org.testng.reporters.JUnitReportReporter -->
<testsuite hostname="ubuntudell1" name="com.jenkins.guiTest.Index" tests="3" failures="0" timestamp="12 Oct 2013 19:54:30 GMT" time="1.476" errors="0">
  <testcase name="submitForm" time="1.136" classname="com.jenkins.guiTest.Index"/>
  <testcase name="fillForm" time="0.284" classname="com.jenkins.guiTest.Index"/>
  <testcase name="selectCountry" time="0.056" classname="com.jenkins.guiTest.Index"/>
</testsuite> <!-- com.jenkins.guiTest.Index -->
